<?xml version="1.0" encoding="UTF-8"?>
<testng-results ignored="0" total="1" passed="1" failed="0" skipped="0">
  <reporter-output>
  </reporter-output>
  <suite started-at="2022-07-03T13:39:54 IST" name="Default suite" finished-at="2022-07-03T13:40:17 IST" duration-ms="23133">
    <groups>
    </groups>
    <test started-at="2022-07-03T13:39:54 IST" name="Default test" finished-at="2022-07-03T13:40:17 IST" duration-ms="23133">
      <class name="SeleniumEndtoEnd.Project1.PlayMusicTest">
        <test-method signature="testMusic()[pri:0, instance:SeleniumEndtoEnd.Project1.PlayMusicTest@1c5920df]" started-at="2022-07-03T13:39:54 IST" name="testMusic" finished-at="2022-07-03T13:40:17 IST" duration-ms="23083" status="PASS">
          <reporter-output>
          </reporter-output>
        </test-method> <!-- testMusic -->
      </class> <!-- SeleniumEndtoEnd.Project1.PlayMusicTest -->
    </test> <!-- Default test -->
  </suite> <!-- Default suite -->
</testng-results>
